PLINK v2.00a3 SSE4.2 (18 Feb 2022)
Options in effect:
  --bfile CAD_case_control
  --geno 0.1
  --hwe 0.0001
  --maf 0.01
  --make-bed
  --out CAD_maf-0.01_geno-0.1_hwe-1e4

Hostname: Dingy-Dell-2
Working directory: /mnt/c/Users/cydin/Documents/GitHub/MiCM-Workshop-GWAS-and-Polygenic-Risk-Score-/Exercises/data
Start time: Sun Aug 10 16:47:14 2025

Random number seed: 1754858834
7613 MiB RAM detected; reserving 3806 MiB for main workspace.
Using up to 12 threads (change this with --threads).
628 samples (307 females, 321 males; 627 founders) loaded from
CAD_case_control.fam.
44000 variants loaded from CAD_case_control.bim.
1 binary phenotype loaded (319 cases, 309 controls).
Calculating allele frequencies... done.
--geno: 0 variants removed due to missing genotype data.
--hwe: 5367 variants removed due to Hardy-Weinberg exact test (founders only).
421 variants removed due to allele frequency threshold(s)
(--maf/--max-maf/--mac/--max-mac).
38212 variants remaining after main filters.
Writing CAD_maf-0.01_geno-0.1_hwe-1e4.fam ... done.
Writing CAD_maf-0.01_geno-0.1_hwe-1e4.bim ... done.
Writing CAD_maf-0.01_geno-0.1_hwe-1e4.bed ... done.

End time: Sun Aug 10 16:47:15 2025
