PLINK v2.00a3 SSE4.2 (18 Feb 2022)
Options in effect:
  --bfile CAD_maf-0.01_geno-0.1_hwe-1e4
  --extract CAD_ld_pruned.prune.in
  --make-bed
  --out CAD_EUR_QCed

Hostname: Dingy-Dell-2
Working directory: /mnt/c/Users/cydin/Documents/GitHub/MiCM-Workshop-GWAS-and-Polygenic-Risk-Score-/Exercises/data
Start time: Sun Aug 10 16:47:43 2025

Random number seed: 1754858863
7613 MiB RAM detected; reserving 3806 MiB for main workspace.
Using up to 12 threads (change this with --threads).
628 samples (307 females, 321 males; 627 founders) loaded from
CAD_maf-0.01_geno-0.1_hwe-1e4.fam.
38212 variants loaded from CAD_maf-0.01_geno-0.1_hwe-1e4.bim.
1 binary phenotype loaded (319 cases, 309 controls).
--extract: 31623 variants remaining.
31623 variants remaining after main filters.
Writing CAD_EUR_QCed.fam ... done.
Writing CAD_EUR_QCed.bim ... done.
Writing CAD_EUR_QCed.bed ... done.

End time: Sun Aug 10 16:47:43 2025
